<?xml version="1.0" encoding="UTF-8"?>
<!-- Generated by org.testng.reporters.JUnitXMLReporter -->
<testsuite hostname="MESFINKASSAADMASSIE" ignored="0" name="Command line test" tests="6" failures="0" timestamp="16 Jun 2019 18:12:17 GMT" time="37.562" errors="0">
  <testcase name="f" time="2.57" classname="NewTest_kaldisTest"/>
  <testcase name="f" time="2.594" classname="NewTest_kaldisTest"/>
  <testcase name="f" time="2.705" classname="NewTest_kaldisTest"/>
  <testcase name="f" time="2.617" classname="NewTest_kaldisTest"/>
  <testcase name="f" time="2.731" classname="NewTest_kaldisTest"/>
  <testcase name="testing" time="0.001" classname="ToolsQA.MavenEclipseProject.AppTest"/>
</testsuite> <!-- Command line test -->
